2025-01-07 07:28:35,722 - INFO - [process_submission:221] - Processing submission: https://www.reddit.com/r/nfl/comments/1huga3x/game_thread_kansas_city_chiefs_151_at_denver/
2025-01-07 07:28:39,363 - INFO - [process_submission:238] - Submission has 6327 reported comments
2025-01-07 07:29:30,191 - WARNING - [resolve_more_comments:187] - Could not resolve 1 comments at depth 1
2025-01-07 07:29:31,980 - WARNING - [resolve_more_comments:187] - Could not resolve 1 comments at depth 1
2025-01-07 07:29:35,748 - WARNING - [resolve_more_comments:187] - Could not resolve 1 comments at depth 1
2025-01-07 07:29:37,503 - WARNING - [resolve_more_comments:187] - Could not resolve 1 comments at depth 1
2025-01-07 07:29:42,296 - WARNING - [resolve_more_comments:187] - Could not resolve 1 comments at depth 1
2025-01-07 07:29:48,600 - WARNING - [resolve_more_comments:187] - Could not resolve 1 comments at depth 1
2025-01-07 07:29:54,419 - WARNING - [resolve_more_comments:187] - Could not resolve 1 comments at depth 1
2025-01-07 07:29:59,047 - WARNING - [resolve_more_comments:187] - Could not resolve 1 comments at depth 2
2025-01-07 07:30:08,595 - WARNING - [resolve_more_comments:187] - Could not resolve 1 comments at depth 2
2025-01-07 07:30:48,837 - WARNING - [resolve_more_comments:187] - Could not resolve 1 comments at depth 4
2025-01-07 07:30:55,645 - WARNING - [resolve_more_comments:187] - Could not resolve 1 comments at depth 4
2025-01-07 07:31:03,530 - WARNING - [resolve_more_comments:187] - Could not resolve 1 comments at depth 4
2025-01-07 07:31:17,483 - WARNING - [resolve_more_comments:187] - Could not resolve 1 comments at depth 5
2025-01-07 07:31:20,469 - WARNING - [resolve_more_comments:187] - Could not resolve 1 comments at depth 5
2025-01-07 07:31:35,665 - WARNING - [resolve_more_comments:187] - Could not resolve 1 comments at depth 6
2025-01-07 07:32:12,613 - WARNING - [resolve_more_comments:187] - Could not resolve 1 comments at depth 7
2025-01-07 07:32:28,767 - WARNING - [resolve_more_comments:187] - Could not resolve 1 comments at depth 8
2025-01-07 07:32:31,828 - WARNING - [resolve_more_comments:187] - Could not resolve 1 comments at depth 8
2025-01-07 07:33:03,909 - WARNING - [resolve_more_comments:187] - Could not resolve 2 comments at depth 10
2025-01-07 07:33:52,748 - WARNING - [resolve_more_comments:187] - Could not resolve 1 comments at depth 13
2025-01-07 07:34:04,688 - WARNING - [resolve_more_comments:187] - Could not resolve 1 comments at depth 14
2025-01-07 07:34:10,302 - WARNING - [resolve_more_comments:187] - Could not resolve 1 comments at depth 14
2025-01-07 07:34:12,443 - WARNING - [resolve_more_comments:187] - Could not resolve 1 comments at depth 14
2025-01-07 07:35:58,585 - WARNING - [resolve_more_comments:187] - Could not resolve 1 comments at depth 19
2025-01-07 07:35:59,214 - WARNING - [resolve_more_comments:187] - Could not resolve 1 comments at depth 19
2025-01-07 07:36:08,655 - WARNING - [resolve_more_comments:187] - Could not resolve 1 comments at depth 20
2025-01-07 07:36:18,623 - WARNING - [resolve_more_comments:187] - Could not resolve 1 comments at depth 20
2025-01-07 07:36:19,056 - WARNING - [resolve_more_comments:187] - Could not resolve 1 comments at depth 20
2025-01-07 07:36:19,909 - WARNING - [resolve_more_comments:187] - Could not resolve 1 comments at depth 20
2025-01-07 07:36:22,562 - WARNING - [resolve_more_comments:187] - Could not resolve 1 comments at depth 20
2025-01-07 07:36:48,622 - WARNING - [resolve_more_comments:187] - Could not resolve 1 comments at depth 22
2025-01-07 07:36:54,632 - WARNING - [resolve_more_comments:187] - Could not resolve 1 comments at depth 23
2025-01-07 07:37:10,879 - WARNING - [resolve_more_comments:187] - Could not resolve 1 comments at depth 24
2025-01-07 07:37:43,484 - WARNING - [resolve_more_comments:187] - Could not resolve 0 comments at depth 31
2025-01-07 07:37:57,705 - INFO - [process_submission:259] - Progress - Processed: 6271, Rate: 11.16/s, Deleted: 55, Removed: 83, Inaccessible: 34
2025-01-07 07:37:57,711 - INFO - [process_submission:274] - 
Processing complete:
2025-01-07 07:37:57,711 - INFO - [process_submission:275] - Total time: 561.99 seconds
2025-01-07 07:37:57,711 - INFO - [process_submission:276] - Comments processed: 6271
2025-01-07 07:37:57,712 - INFO - [process_submission:277] - Average processing rate: 11.16 comments/second
2025-01-07 07:37:57,712 - WARNING - [process_submission:284] - Comment discrepancy analysis:
Expected comments: 6327
Total seen: 6271
Missing: 56 (0.9%)
Deleted: 55
Removed: 83
Inaccessible: 34
Depth exceeded: 0
Failed to fetch: 0
2025-01-07 07:53:52,116 - INFO - [process_submission:221] - Processing submission: https://www.reddit.com/r/nfl/comments/1huga3x/game_thread_kansas_city_chiefs_151_at_denver/
2025-01-07 07:53:55,423 - INFO - [process_submission:238] - Submission has 6326 reported comments
2025-01-07 07:54:47,606 - WARNING - [resolve_more_comments:187] - Could not resolve 1 comments at depth 1
2025-01-07 07:54:49,644 - WARNING - [resolve_more_comments:187] - Could not resolve 1 comments at depth 1
2025-01-07 07:54:53,375 - WARNING - [resolve_more_comments:187] - Could not resolve 1 comments at depth 1
2025-01-07 07:54:55,141 - WARNING - [resolve_more_comments:187] - Could not resolve 1 comments at depth 1
2025-01-07 07:54:59,936 - WARNING - [resolve_more_comments:187] - Could not resolve 1 comments at depth 1
2025-01-07 07:55:06,263 - WARNING - [resolve_more_comments:187] - Could not resolve 1 comments at depth 1
2025-01-07 07:55:12,053 - WARNING - [resolve_more_comments:187] - Could not resolve 1 comments at depth 1
2025-01-07 07:55:16,969 - WARNING - [resolve_more_comments:187] - Could not resolve 1 comments at depth 2
2025-01-07 07:55:21,802 - WARNING - [resolve_more_comments:187] - Could not resolve 1 comments at depth 2
2025-01-07 07:55:39,758 - WARNING - [resolve_more_comments:187] - Could not resolve 1 comments at depth 4
2025-01-07 07:55:42,530 - WARNING - [resolve_more_comments:187] - Could not resolve 1 comments at depth 4
2025-01-07 07:55:46,045 - WARNING - [resolve_more_comments:187] - Could not resolve 1 comments at depth 4
2025-01-07 07:55:52,363 - WARNING - [resolve_more_comments:187] - Could not resolve 1 comments at depth 5
2025-01-07 07:55:53,368 - WARNING - [resolve_more_comments:187] - Could not resolve 1 comments at depth 5
2025-01-07 07:56:00,613 - WARNING - [resolve_more_comments:187] - Could not resolve 1 comments at depth 6
2025-01-07 07:56:16,602 - WARNING - [resolve_more_comments:187] - Could not resolve 1 comments at depth 7
